<?xml version="1.0" encoding="UTF-8"?>
<!-- Generated by org.testng.reporters.JUnitReportReporter -->
<testsuite hostname="ISIPL-PUNV-L078" failures="0" tests="1" name="com.mb.screen.Basics" time="34.660" errors="0" timestamp="2020-12-28T17:33:15 IST" skipped="0">
  <testcase classname="com.mb.screen.Basics" name="apisDemos" time="34.660"/>
  <system-out/>
</testsuite> <!-- com.mb.screen.Basics -->
