<?xml version="1.0" encoding="UTF-8"?>
<!-- Generated by org.testng.reporters.JUnitReportReporter -->
<testsuite hostname="ISIPL-PUNV-L078" failures="0" tests="1" name="com.mb.screen.Ecommerce_Tc4" time="44.863" errors="0" timestamp="2021-01-04T10:53:23 IST" skipped="0">
  <testcase classname="com.mb.screen.Ecommerce_Tc4" name="totalvalidationTest" time="44.863"/>
  <system-out/>
</testsuite> <!-- com.mb.screen.Ecommerce_Tc4 -->
